Using pre-set license
Built from '2020.3/staging' branch; Version is '2020.3.18f1 (a7d1c678663c) revision 10998214'; Using compiler version '192528614'; Build Type 'Release'
OS: 'Windows 10 Home Single Language; OS build 19044.1348; Version 2009; 64bit' Language: 'en' Physical Memory: 8147 MB
BatchMode: 1, IsHumanControllingUs: 0, StartBugReporterOnCrash: 0, Is64bit: 1, IsPro: 0

COMMAND LINE ARGUMENTS:
C:\Program Files\Unity\Hub\Editor\2020.3.18f1\Editor\Unity.exe
-adb2
-batchMode
-noUpm
-name
AssetImportWorker0
-projectPath
C:/Users/ercan/Desktop/my unity projects/2d_project_3
-logFile
Logs/AssetImportWorker0.log
-srvPort
63763
Successfully changed project path to: C:/Users/ercan/Desktop/my unity projects/2d_project_3
C:/Users/ercan/Desktop/my unity projects/2d_project_3
Using Asset Import Pipeline V2.
Refreshing native plugins compatible for Editor in 46.62 ms, found 3 plugins.
Preloading 0 native plugins for Editor in 0.00 ms.
Initialize engine version: 2020.3.18f1 (a7d1c678663c)
[Subsystems] Discovering subsystems at path C:/Program Files/Unity/Hub/Editor/2020.3.18f1/Editor/Data/Resources/UnitySubsystems
[Subsystems] Discovering subsystems at path C:/Users/ercan/Desktop/my unity projects/2d_project_3/Assets
GfxDevice: creating device client; threaded=0
Direct3D:
    Version:  Direct3D 11.0 [level 11.1]
    Renderer: NVIDIA GeForce GT 1030 (ID=0x1d01)
    Vendor:   
    VRAM:     1982 MB
    Driver:   27.21.14.5671
Initialize mono
Mono path[0] = 'C:/Program Files/Unity/Hub/Editor/2020.3.18f1/Editor/Data/Managed'
Mono path[1] = 'C:/Program Files/Unity/Hub/Editor/2020.3.18f1/Editor/Data/MonoBleedingEdge/lib/mono/unityjit'
Mono config path = 'C:/Program Files/Unity/Hub/Editor/2020.3.18f1/Editor/Data/MonoBleedingEdge/etc'
Using monoOptions --debugger-agent=transport=dt_socket,embedding=1,server=y,suspend=n,address=127.0.0.1:56052
Begin MonoManager ReloadAssembly
Registering precompiled unity dll's ...
Register platform support module: C:/Program Files/Unity/Hub/Editor/2020.3.18f1/Editor/Data/PlaybackEngines/WebGLSupport/UnityEditor.WebGL.Extensions.dll
Register platform support module: C:/Program Files/Unity/Hub/Editor/2020.3.18f1/Editor/Data/PlaybackEngines/WindowsStandaloneSupport/UnityEditor.WindowsStandalone.Extensions.dll
Registered in 0.002397 seconds.
Native extension for WindowsStandalone target not found
Native extension for WebGL target not found
Refreshing native plugins compatible for Editor in 48.61 ms, found 3 plugins.
Preloading 0 native plugins for Editor in 0.00 ms.
Mono: successfully reloaded assembly
- Completed reload, in  2.404 seconds
Domain Reload Profiling:
	ReloadAssembly (2404ms)
		BeginReloadAssembly (64ms)
			ExecutionOrderSort (0ms)
			DisableScriptedObjects (0ms)
			BackupInstance (0ms)
			ReleaseScriptingObjects (0ms)
			CreateAndSetChildDomain (1ms)
		EndReloadAssembly (489ms)
			LoadAssemblies (64ms)
			RebuildTransferFunctionScriptingTraits (0ms)
			SetupTypeCache (182ms)
			ReleaseScriptCaches (0ms)
			RebuildScriptCaches (33ms)
			SetupLoadedEditorAssemblies (199ms)
				LogAssemblyErrors (0ms)
				InitializePlatformSupportModulesInManaged (5ms)
				SetLoadedEditorAssemblies (0ms)
				RefreshPlugins (49ms)
				BeforeProcessingInitializeOnLoad (20ms)
				ProcessInitializeOnLoadAttributes (92ms)
				ProcessInitializeOnLoadMethodAttributes (32ms)
				AfterProcessingInitializeOnLoad (0ms)
				EditorAssembliesLoaded (0ms)
			ExecutionOrderSort2 (0ms)
			AwakeInstancesAfterBackupRestoration (0ms)
Platform modules already initialized, skipping
Registering precompiled user dll's ...
Registered in 0.004463 seconds.
Begin MonoManager ReloadAssembly
Native extension for WindowsStandalone target not found
Native extension for WebGL target not found
Refreshing native plugins compatible for Editor in 46.68 ms, found 3 plugins.
Preloading 0 native plugins for Editor in 0.00 ms.
Mono: successfully reloaded assembly
- Completed reload, in  1.276 seconds
Domain Reload Profiling:
	ReloadAssembly (1277ms)
		BeginReloadAssembly (166ms)
			ExecutionOrderSort (0ms)
			DisableScriptedObjects (6ms)
			BackupInstance (0ms)
			ReleaseScriptingObjects (0ms)
			CreateAndSetChildDomain (19ms)
		EndReloadAssembly (1036ms)
			LoadAssemblies (115ms)
			RebuildTransferFunctionScriptingTraits (0ms)
			SetupTypeCache (347ms)
			ReleaseScriptCaches (0ms)
			RebuildScriptCaches (50ms)
			SetupLoadedEditorAssemblies (390ms)
				LogAssemblyErrors (0ms)
				InitializePlatformSupportModulesInManaged (5ms)
				SetLoadedEditorAssemblies (0ms)
				RefreshPlugins (47ms)
				BeforeProcessingInitializeOnLoad (83ms)
				ProcessInitializeOnLoadAttributes (232ms)
				ProcessInitializeOnLoadMethodAttributes (15ms)
				AfterProcessingInitializeOnLoad (7ms)
				EditorAssembliesLoaded (0ms)
			ExecutionOrderSort2 (0ms)
			AwakeInstancesAfterBackupRestoration (7ms)
Platform modules already initialized, skipping
========================================================================
Worker process is ready to serve import requests
Launched and connected shader compiler UnityShaderCompiler.exe after 0.08 seconds
Refreshing native plugins compatible for Editor in 0.58 ms, found 3 plugins.
Preloading 0 native plugins for Editor in 0.00 ms.
Unloading 2090 Unused Serialized files (Serialized files now loaded: 0)
System memory in use before: 93.1 MB.
System memory in use after: 93.2 MB.

Unloading 26 unused Assets to reduce memory usage. Loaded Objects now: 2529.
Total: 3.897700 ms (FindLiveObjects: 0.191800 ms CreateObjectMapping: 0.086500 ms MarkObjects: 3.527100 ms  DeleteObjects: 0.091000 ms)

AssetImportParameters requested are different than current active one (requested -> active):
  custom:framework-win-MediaFoundation: 216162199b28c13a410421893ffa2e32 -> 
  custom:video-decoder-ogg-theora: a1e56fd34408186e4bbccfd4996cb3dc -> 
  custom:container-muxer-webm: aa71ff27fc2769a1b78a27578f13a17b -> 
  custom:container-demuxer-webm: 4f35f7cbe854078d1ac9338744f61a02 -> 
  custom:container-demuxer-ogg: 62fdf1f143b41e24485cea50d1cbac27 -> 
  custom:video-encoder-webm-vp8: eb34c28f22e8b96e1ab97ce403110664 -> 
  custom:video-decoder-webm-vp8: 9c59270c3fd7afecdb556c50c9e8de78 -> 
  custom:audio-decoder-ogg-vorbis: bf7c407c2cedff20999df2af8eb42d56 -> 
  custom:audio-encoder-webm-vorbis: bf7c407c2cedff20999df2af8eb42d56 -> 
========================================================================
Received Import Request.
  path: Assets/Scenes
  artifactKey: Guid(bbd60a6998a0f504b824840cc2422f84) Importer(815301076,1909f56bfc062723c751e8b465ee728b)
Start importing Assets/Scenes using Guid(bbd60a6998a0f504b824840cc2422f84) Importer(815301076,1909f56bfc062723c751e8b465ee728b)  -> (artifact id: '92ab6f18d7bd47fb971fe0ecf010cff8') in 0.009533 seconds 
  Import took 0.014591 seconds .

========================================================================
Received Import Request.
  Time since last request: 22.787399 seconds.
  path: Assets
  artifactKey: Guid(00000000000000001000000000000000) Importer(815301076,1909f56bfc062723c751e8b465ee728b)
Start importing Assets using Guid(00000000000000001000000000000000) Importer(815301076,1909f56bfc062723c751e8b465ee728b)  -> (artifact id: '42d402b061de3733987d63b9cc3b64de') in 0.009718 seconds 
  Import took 0.013658 seconds .

========================================================================
Received Import Request.
  Time since last request: 27.700596 seconds.
  path: Assets/Sounds
  artifactKey: Guid(dac84b519a03db848b430110771c8a03) Importer(815301076,1909f56bfc062723c751e8b465ee728b)
Start importing Assets/Sounds using Guid(dac84b519a03db848b430110771c8a03) Importer(815301076,1909f56bfc062723c751e8b465ee728b)  -> (artifact id: 'cac7d5485545f15ef1f679f286b84da2') in 0.011310 seconds 
  Import took 0.015324 seconds .

========================================================================
Received Import Request.
  Time since last request: 89.254581 seconds.
  path: Assets/Sprites
  artifactKey: Guid(f7ef98f0ec24efa4693d032452d6e6cd) Importer(815301076,1909f56bfc062723c751e8b465ee728b)
Start importing Assets/Sprites using Guid(f7ef98f0ec24efa4693d032452d6e6cd) Importer(815301076,1909f56bfc062723c751e8b465ee728b)  -> (artifact id: '041032c4aba8a99c6b6fc7e77a456a16') in 0.010323 seconds 
  Import took 0.013807 seconds .

========================================================================
Received Import Request.
  Time since last request: 4.945826 seconds.
  path: Assets/Sprites/Arkaplanlar
  artifactKey: Guid(132f7a7d5dad4e74480b79b127c9aade) Importer(815301076,1909f56bfc062723c751e8b465ee728b)
Start importing Assets/Sprites/Arkaplanlar using Guid(132f7a7d5dad4e74480b79b127c9aade) Importer(815301076,1909f56bfc062723c751e8b465ee728b)  -> (artifact id: '5b4634a49710ed92c29f0dd7a2f50565') in 0.010151 seconds 
  Import took 0.013546 seconds .

========================================================================
Received Import Request.
  Time since last request: 0.051591 seconds.
  path: Assets/Sprites/Arkaplanlar/1.png
  artifactKey: Guid(4839a5b0526becf498e990373cf6d754) Importer(815301076,1909f56bfc062723c751e8b465ee728b)
Start importing Assets/Sprites/Arkaplanlar/1.png using Guid(4839a5b0526becf498e990373cf6d754) Importer(815301076,1909f56bfc062723c751e8b465ee728b)  -> (artifact id: '7d61990c206173238f9e245d12c31ae5') in 0.110304 seconds 
  Import took 0.114272 seconds .

========================================================================
Received Import Request.
  Time since last request: 0.000268 seconds.
  path: Assets/Sprites/Arkaplanlar/background.png
  artifactKey: Guid(871476cbc464b714c9a61e689b44c607) Importer(815301076,1909f56bfc062723c751e8b465ee728b)
Start importing Assets/Sprites/Arkaplanlar/background.png using Guid(871476cbc464b714c9a61e689b44c607) Importer(815301076,1909f56bfc062723c751e8b465ee728b)  -> (artifact id: 'e1bb46af4cf5d93dd073a72528cdce5b') in 0.023551 seconds 
  Import took 0.026641 seconds .

========================================================================
Received Import Request.
  Time since last request: 0.000230 seconds.
  path: Assets/Sprites/Arkaplanlar/3.png
  artifactKey: Guid(6b80c9450637411409228dda82ecc347) Importer(815301076,1909f56bfc062723c751e8b465ee728b)
Start importing Assets/Sprites/Arkaplanlar/3.png using Guid(6b80c9450637411409228dda82ecc347) Importer(815301076,1909f56bfc062723c751e8b465ee728b)  -> (artifact id: '55739ba4e1458c5a94ecb2f6e4cedb17') in 0.025198 seconds 
  Import took 0.028205 seconds .

========================================================================
Received Import Request.
  Time since last request: 0.000231 seconds.
  path: Assets/Sprites/Arkaplanlar/5.png
  artifactKey: Guid(647020fe099e01c44b4fb41e96b90ce3) Importer(815301076,1909f56bfc062723c751e8b465ee728b)
Start importing Assets/Sprites/Arkaplanlar/5.png using Guid(647020fe099e01c44b4fb41e96b90ce3) Importer(815301076,1909f56bfc062723c751e8b465ee728b)  -> (artifact id: '2d54c03f337196be6069e60716b7e10f') in 0.023127 seconds 
  Import took 0.027134 seconds .

========================================================================
Received Import Request.
  Time since last request: 0.000313 seconds.
  path: Assets/Sprites/Arkaplanlar/4.png
  artifactKey: Guid(fff27909e02798c4b87c7c881379c54d) Importer(815301076,1909f56bfc062723c751e8b465ee728b)
Start importing Assets/Sprites/Arkaplanlar/4.png using Guid(fff27909e02798c4b87c7c881379c54d) Importer(815301076,1909f56bfc062723c751e8b465ee728b)  -> (artifact id: '5ae7f98e50b447d575907f1a2187093f') in 0.023856 seconds 
  Import took 0.027059 seconds .

========================================================================
Received Import Request.
  Time since last request: 0.000240 seconds.
  path: Assets/Sprites/Arkaplanlar/2.png
  artifactKey: Guid(5a2b93b56e761614ea9a65bbd1dca06a) Importer(815301076,1909f56bfc062723c751e8b465ee728b)
Start importing Assets/Sprites/Arkaplanlar/2.png using Guid(5a2b93b56e761614ea9a65bbd1dca06a) Importer(815301076,1909f56bfc062723c751e8b465ee728b)  -> (artifact id: 'db5e509eed3b97e4198ed4248f1e9d6f') in 0.021717 seconds 
  Import took 0.024626 seconds .

========================================================================
Received Prepare
Registering precompiled user dll's ...
Registered in 0.003037 seconds.
Begin MonoManager ReloadAssembly
Native extension for WindowsStandalone target not found
Native extension for WebGL target not found
Refreshing native plugins compatible for Editor in 0.49 ms, found 3 plugins.
Preloading 0 native plugins for Editor in 0.00 ms.
Mono: successfully reloaded assembly
- Completed reload, in  1.147 seconds
Domain Reload Profiling:
	ReloadAssembly (1147ms)
		BeginReloadAssembly (131ms)
			ExecutionOrderSort (0ms)
			DisableScriptedObjects (6ms)
			BackupInstance (0ms)
			ReleaseScriptingObjects (0ms)
			CreateAndSetChildDomain (40ms)
		EndReloadAssembly (949ms)
			LoadAssemblies (101ms)
			RebuildTransferFunctionScriptingTraits (0ms)
			SetupTypeCache (327ms)
			ReleaseScriptCaches (1ms)
			RebuildScriptCaches (61ms)
			SetupLoadedEditorAssemblies (340ms)
				LogAssemblyErrors (0ms)
				InitializePlatformSupportModulesInManaged (6ms)
				SetLoadedEditorAssemblies (0ms)
				RefreshPlugins (1ms)
				BeforeProcessingInitializeOnLoad (98ms)
				ProcessInitializeOnLoadAttributes (221ms)
				ProcessInitializeOnLoadMethodAttributes (6ms)
				AfterProcessingInitializeOnLoad (6ms)
				EditorAssembliesLoaded (0ms)
			ExecutionOrderSort2 (0ms)
			AwakeInstancesAfterBackupRestoration (13ms)
Platform modules already initialized, skipping
Refreshing native plugins compatible for Editor in 0.52 ms, found 3 plugins.
Preloading 0 native plugins for Editor in 0.00 ms.
Unloading 2080 Unused Serialized files (Serialized files now loaded: 0)
System memory in use before: 95.5 MB.
System memory in use after: 95.6 MB.

Unloading 14 unused Assets to reduce memory usage. Loaded Objects now: 2538.
Total: 13.077200 ms (FindLiveObjects: 0.262200 ms CreateObjectMapping: 0.101800 ms MarkObjects: 12.682500 ms  DeleteObjects: 0.028800 ms)

AssetImportParameters requested are different than current active one (requested -> active):
  custom:framework-win-MediaFoundation: 216162199b28c13a410421893ffa2e32 -> 
  custom:video-decoder-ogg-theora: a1e56fd34408186e4bbccfd4996cb3dc -> 
  custom:container-muxer-webm: aa71ff27fc2769a1b78a27578f13a17b -> 
  custom:container-demuxer-webm: 4f35f7cbe854078d1ac9338744f61a02 -> 
  custom:container-demuxer-ogg: 62fdf1f143b41e24485cea50d1cbac27 -> 
  custom:video-encoder-webm-vp8: eb34c28f22e8b96e1ab97ce403110664 -> 
  custom:video-decoder-webm-vp8: 9c59270c3fd7afecdb556c50c9e8de78 -> 
  custom:audio-decoder-ogg-vorbis: bf7c407c2cedff20999df2af8eb42d56 -> 
  custom:audio-encoder-webm-vorbis: bf7c407c2cedff20999df2af8eb42d56 -> 
========================================================================
Received Import Request.
  Time since last request: 349.539106 seconds.
  path: Assets/Sprites/Oyuncular
  artifactKey: Guid(acd4f830c3a8def4e8da5fc3a222e2f0) Importer(815301076,1909f56bfc062723c751e8b465ee728b)
Start importing Assets/Sprites/Oyuncular using Guid(acd4f830c3a8def4e8da5fc3a222e2f0) Importer(815301076,1909f56bfc062723c751e8b465ee728b)  -> (artifact id: '9df66da525db3da695634f5446b80be5') in 0.011977 seconds 
  Import took 0.015945 seconds .

========================================================================
Received Import Request.
  Time since last request: 0.064777 seconds.
  path: Assets/Sprites/Oyuncular/Arrow.png
  artifactKey: Guid(8aa1213d93ff7654985220d15b08c4ef) Importer(815301076,1909f56bfc062723c751e8b465ee728b)
Start importing Assets/Sprites/Oyuncular/Arrow.png using Guid(8aa1213d93ff7654985220d15b08c4ef) Importer(815301076,1909f56bfc062723c751e8b465ee728b)  -> (artifact id: '453992c5674019b96eb00768b331d5ee') in 0.054379 seconds 
  Import took 0.057855 seconds .

========================================================================
Received Import Request.
  Time since last request: 7.980712 seconds.
  path: Assets/Sprites/Oyuncular/Die
  artifactKey: Guid(74a7e1fef339054429d5e1012f2a7912) Importer(815301076,1909f56bfc062723c751e8b465ee728b)
Start importing Assets/Sprites/Oyuncular/Die using Guid(74a7e1fef339054429d5e1012f2a7912) Importer(815301076,1909f56bfc062723c751e8b465ee728b)  -> (artifact id: '614860aaad5961c1762c446c0e798d57') in 0.008585 seconds 
  Import took 0.012169 seconds .

========================================================================
Received Import Request.
  Time since last request: 0.074369 seconds.
  path: Assets/Sprites/Oyuncular/Die/0.png
  artifactKey: Guid(b44652af4b7597347818de0075c068b6) Importer(815301076,1909f56bfc062723c751e8b465ee728b)
Start importing Assets/Sprites/Oyuncular/Die/0.png using Guid(b44652af4b7597347818de0075c068b6) Importer(815301076,1909f56bfc062723c751e8b465ee728b)  -> (artifact id: '6dedac09897482eaca1e3bd60b8dcdfc') in 0.015802 seconds 
  Import took 0.021840 seconds .

========================================================================
Received Import Request.
  Time since last request: 0.000263 seconds.
  path: Assets/Sprites/Oyuncular/Die/1.png
  artifactKey: Guid(3f870d401ade81443855a5a0ca4186f2) Importer(815301076,1909f56bfc062723c751e8b465ee728b)
Start importing Assets/Sprites/Oyuncular/Die/1.png using Guid(3f870d401ade81443855a5a0ca4186f2) Importer(815301076,1909f56bfc062723c751e8b465ee728b)  -> (artifact id: '65f76a690cc3b6262676841d3456e322') in 0.018438 seconds 
  Import took 0.021773 seconds .

========================================================================
Received Import Request.
  Time since last request: 0.000259 seconds.
  path: Assets/Sprites/Oyuncular/Die/2.png
  artifactKey: Guid(5cd3f8a459fb8824c8eab39429f11700) Importer(815301076,1909f56bfc062723c751e8b465ee728b)
Start importing Assets/Sprites/Oyuncular/Die/2.png using Guid(5cd3f8a459fb8824c8eab39429f11700) Importer(815301076,1909f56bfc062723c751e8b465ee728b)  -> (artifact id: '342136882fe2bc0dda87de974eda9792') in 0.019258 seconds 
  Import took 0.022399 seconds .

========================================================================
Received Import Request.
  Time since last request: 0.000255 seconds.
  path: Assets/Sprites/Oyuncular/Die/9.png
  artifactKey: Guid(3e72da6e03c67d5428dbead9fb65b191) Importer(815301076,1909f56bfc062723c751e8b465ee728b)
Start importing Assets/Sprites/Oyuncular/Die/9.png using Guid(3e72da6e03c67d5428dbead9fb65b191) Importer(815301076,1909f56bfc062723c751e8b465ee728b)  -> (artifact id: '1f53869b94f43262b0fa30675d688d31') in 0.020682 seconds 
  Import took 0.025274 seconds .

========================================================================
Received Import Request.
  Time since last request: 0.000335 seconds.
  path: Assets/Sprites/Oyuncular/Die/5.png
  artifactKey: Guid(961182b4534629446a28e055278481a0) Importer(815301076,1909f56bfc062723c751e8b465ee728b)
Start importing Assets/Sprites/Oyuncular/Die/5.png using Guid(961182b4534629446a28e055278481a0) Importer(815301076,1909f56bfc062723c751e8b465ee728b)  -> (artifact id: '6a6109aa4e26f6396d0105abb6448964') in 0.018990 seconds 
  Import took 0.022924 seconds .

========================================================================
Received Import Request.
  Time since last request: 0.000284 seconds.
  path: Assets/Sprites/Oyuncular/Die/8.png
  artifactKey: Guid(add98a851623c8044927d9d0ad61b9a4) Importer(815301076,1909f56bfc062723c751e8b465ee728b)
Start importing Assets/Sprites/Oyuncular/Die/8.png using Guid(add98a851623c8044927d9d0ad61b9a4) Importer(815301076,1909f56bfc062723c751e8b465ee728b)  -> (artifact id: '657fe8b9603ab93d4a8f85c60b0c4cf8') in 0.020850 seconds 
  Import took 0.025976 seconds .

========================================================================
Received Import Request.
  Time since last request: 0.000265 seconds.
  path: Assets/Sprites/Oyuncular/Die/6.png
  artifactKey: Guid(ee9ef2a0a4da481439c4d798ee05de34) Importer(815301076,1909f56bfc062723c751e8b465ee728b)
Start importing Assets/Sprites/Oyuncular/Die/6.png using Guid(ee9ef2a0a4da481439c4d798ee05de34) Importer(815301076,1909f56bfc062723c751e8b465ee728b)  -> (artifact id: '21380f7a63c342a03602f446b350da98') in 0.021719 seconds 
  Import took 0.025952 seconds .

========================================================================
Received Import Request.
  Time since last request: 0.000191 seconds.
  path: Assets/Sprites/Oyuncular/Die/3.png
  artifactKey: Guid(bfe5107dda968824fb44dfe17dbe595f) Importer(815301076,1909f56bfc062723c751e8b465ee728b)
Start importing Assets/Sprites/Oyuncular/Die/3.png using Guid(bfe5107dda968824fb44dfe17dbe595f) Importer(815301076,1909f56bfc062723c751e8b465ee728b)  -> (artifact id: '02b9e8ce2e8531bff3b53bc93af20664') in 0.017751 seconds 
  Import took 0.021945 seconds .

========================================================================
Received Import Request.
  Time since last request: 0.000052 seconds.
  path: Assets/Sprites/Oyuncular/Die/4.png
  artifactKey: Guid(fd5675a8759e395419480a110d7c42ba) Importer(815301076,1909f56bfc062723c751e8b465ee728b)
Start importing Assets/Sprites/Oyuncular/Die/4.png using Guid(fd5675a8759e395419480a110d7c42ba) Importer(815301076,1909f56bfc062723c751e8b465ee728b)  -> (artifact id: 'c91cb70fe2d4590da62ae7b345d9bc51') in 0.017658 seconds 
  Import took 0.021468 seconds .

========================================================================
Received Import Request.
  Time since last request: 0.000167 seconds.
  path: Assets/Sprites/Oyuncular/Die/3.png
  artifactKey: Guid(bfe5107dda968824fb44dfe17dbe595f) Importer(815301076,1909f56bfc062723c751e8b465ee728b)
Start importing Assets/Sprites/Oyuncular/Die/3.png using Guid(bfe5107dda968824fb44dfe17dbe595f) Importer(815301076,1909f56bfc062723c751e8b465ee728b)  -> (artifact id: '02b9e8ce2e8531bff3b53bc93af20664') in 0.016905 seconds 
  Import took 0.020417 seconds .

========================================================================
Received Import Request.
  Time since last request: 0.000170 seconds.
  path: Assets/Sprites/Oyuncular/Die/7.png
  artifactKey: Guid(5c6ff5d17a8559245bb0fd3eb69e0349) Importer(815301076,1909f56bfc062723c751e8b465ee728b)
Start importing Assets/Sprites/Oyuncular/Die/7.png using Guid(5c6ff5d17a8559245bb0fd3eb69e0349) Importer(815301076,1909f56bfc062723c751e8b465ee728b)  -> (artifact id: '82f308144bcb2f3ce8f92e1da15313a0') in 0.018137 seconds 
  Import took 0.021617 seconds .

========================================================================
Received Import Request.
  Time since last request: 117.906877 seconds.
  path: Assets/Sprites/Oyuncular/Stand
  artifactKey: Guid(c8fa908bf974a3a41813eb2613edc114) Importer(815301076,1909f56bfc062723c751e8b465ee728b)
Start importing Assets/Sprites/Oyuncular/Stand using Guid(c8fa908bf974a3a41813eb2613edc114) Importer(815301076,1909f56bfc062723c751e8b465ee728b)  -> (artifact id: 'bba3c0804577dd7dfbb017c011d55ebb') in 0.007213 seconds 
  Import took 0.011952 seconds .

========================================================================
Received Import Request.
  Time since last request: 0.066070 seconds.
  path: Assets/Sprites/Oyuncular/Stand/0.png
  artifactKey: Guid(485dabfd7b360034a8a41e2bd07eb22e) Importer(815301076,1909f56bfc062723c751e8b465ee728b)
Start importing Assets/Sprites/Oyuncular/Stand/0.png using Guid(485dabfd7b360034a8a41e2bd07eb22e) Importer(815301076,1909f56bfc062723c751e8b465ee728b)  -> (artifact id: '422da20d0e0e6a391e03b5f235ca5de8') in 0.019478 seconds 
  Import took 0.023555 seconds .

========================================================================
Received Import Request.
  Time since last request: 0.000277 seconds.
  path: Assets/Sprites/Oyuncular/Stand/1.png
  artifactKey: Guid(6940d5babe37bd3418a8efce3bdfe95d) Importer(815301076,1909f56bfc062723c751e8b465ee728b)
Start importing Assets/Sprites/Oyuncular/Stand/1.png using Guid(6940d5babe37bd3418a8efce3bdfe95d) Importer(815301076,1909f56bfc062723c751e8b465ee728b)  -> (artifact id: '9abe3e8562124dc10beed5bdba4d68a7') in 0.034382 seconds 
  Import took 0.037730 seconds .

========================================================================
Received Import Request.
  Time since last request: 0.000271 seconds.
  path: Assets/Sprites/Oyuncular/Stand/5.png
  artifactKey: Guid(1d250432d53bd4c418575d141c08ce5e) Importer(815301076,1909f56bfc062723c751e8b465ee728b)
Start importing Assets/Sprites/Oyuncular/Stand/5.png using Guid(1d250432d53bd4c418575d141c08ce5e) Importer(815301076,1909f56bfc062723c751e8b465ee728b)  -> (artifact id: '57d7191ec65747b338de269e6faba30a') in 0.026380 seconds 
  Import took 0.029624 seconds .

========================================================================
Received Import Request.
  Time since last request: 0.000294 seconds.
  path: Assets/Sprites/Oyuncular/Stand/7.png
  artifactKey: Guid(d993f81369e886649b82414a53986858) Importer(815301076,1909f56bfc062723c751e8b465ee728b)
Start importing Assets/Sprites/Oyuncular/Stand/7.png using Guid(d993f81369e886649b82414a53986858) Importer(815301076,1909f56bfc062723c751e8b465ee728b)  -> (artifact id: 'aa509c6d3cb94bf6a8d9f883e1b65e8d') in 0.026569 seconds 
  Import took 0.029749 seconds .

========================================================================
Received Import Request.
  Time since last request: 0.000233 seconds.
  path: Assets/Sprites/Oyuncular/Stand/8.png
  artifactKey: Guid(82a41745cca5fd84ea8f8f1296a09fd3) Importer(815301076,1909f56bfc062723c751e8b465ee728b)
Start importing Assets/Sprites/Oyuncular/Stand/8.png using Guid(82a41745cca5fd84ea8f8f1296a09fd3) Importer(815301076,1909f56bfc062723c751e8b465ee728b)  -> (artifact id: '5d08ace3f627d35836c418cbc8946f0d') in 0.016569 seconds 
  Import took 0.020893 seconds .

========================================================================
Received Import Request.
  Time since last request: 0.000330 seconds.
  path: Assets/Sprites/Oyuncular/Stand/9.png
  artifactKey: Guid(e6ad0ef2b90101f41b6dacadd6f3e4aa) Importer(815301076,1909f56bfc062723c751e8b465ee728b)
Start importing Assets/Sprites/Oyuncular/Stand/9.png using Guid(e6ad0ef2b90101f41b6dacadd6f3e4aa) Importer(815301076,1909f56bfc062723c751e8b465ee728b)  -> (artifact id: 'b1b57873fd73dce8b2d578e33cec5d10') in 0.017324 seconds 
  Import took 0.021122 seconds .

========================================================================
Received Import Request.
  Time since last request: 0.000160 seconds.
  path: Assets/Sprites/Oyuncular/Stand/4.png
  artifactKey: Guid(c44ed9d166070f54592207213c73b2a7) Importer(815301076,1909f56bfc062723c751e8b465ee728b)
Start importing Assets/Sprites/Oyuncular/Stand/4.png using Guid(c44ed9d166070f54592207213c73b2a7) Importer(815301076,1909f56bfc062723c751e8b465ee728b)  -> (artifact id: '7863ce0913bfb2cbff2c8c8d202deb83') in 0.021440 seconds 
  Import took 0.024990 seconds .

========================================================================
Received Import Request.
  Time since last request: 0.000168 seconds.
  path: Assets/Sprites/Oyuncular/Stand/3.png
  artifactKey: Guid(1f32fcadfa0225c4bac86b6b9abe33ee) Importer(815301076,1909f56bfc062723c751e8b465ee728b)
Start importing Assets/Sprites/Oyuncular/Stand/3.png using Guid(1f32fcadfa0225c4bac86b6b9abe33ee) Importer(815301076,1909f56bfc062723c751e8b465ee728b)  -> (artifact id: 'eef1736220bf58e62795efbe74c20e93') in 0.019860 seconds 
  Import took 0.023018 seconds .

========================================================================
Received Import Request.
  Time since last request: 0.000183 seconds.
  path: Assets/Sprites/Oyuncular/Stand/6.png
  artifactKey: Guid(43ff8ba03312027418dfbf5eb47bc893) Importer(815301076,1909f56bfc062723c751e8b465ee728b)
Start importing Assets/Sprites/Oyuncular/Stand/6.png using Guid(43ff8ba03312027418dfbf5eb47bc893) Importer(815301076,1909f56bfc062723c751e8b465ee728b)  -> (artifact id: '906adfcc57fc0c92c74e8cb342df8806') in 0.019882 seconds 
  Import took 0.023252 seconds .

========================================================================
Received Import Request.
  Time since last request: 0.000162 seconds.
  path: Assets/Sprites/Oyuncular/Stand/2.png
  artifactKey: Guid(9191fb84a9446b94dba35d70d8cc9800) Importer(815301076,1909f56bfc062723c751e8b465ee728b)
Start importing Assets/Sprites/Oyuncular/Stand/2.png using Guid(9191fb84a9446b94dba35d70d8cc9800) Importer(815301076,1909f56bfc062723c751e8b465ee728b)  -> (artifact id: '9ad442f791ca6d28caef140b4fd4efbd') in 0.021276 seconds 
  Import took 0.024414 seconds .

========================================================================
Received Import Request.
  Time since last request: 232.631403 seconds.
  path: Assets/Sprites/Oyuncular/Run
  artifactKey: Guid(b0b8ef5920795f945b24abe494133fa3) Importer(815301076,1909f56bfc062723c751e8b465ee728b)
Start importing Assets/Sprites/Oyuncular/Run using Guid(b0b8ef5920795f945b24abe494133fa3) Importer(815301076,1909f56bfc062723c751e8b465ee728b)  -> (artifact id: '4d7088e7f21f2e349c0a4071baa90f9e') in 0.009234 seconds 
  Import took 0.012895 seconds .

========================================================================
Received Import Request.
  Time since last request: 0.054336 seconds.
  path: Assets/Sprites/Oyuncular/Run/0.png
  artifactKey: Guid(2dc8034d860513d45bcc715366aaf3b7) Importer(815301076,1909f56bfc062723c751e8b465ee728b)
Start importing Assets/Sprites/Oyuncular/Run/0.png using Guid(2dc8034d860513d45bcc715366aaf3b7) Importer(815301076,1909f56bfc062723c751e8b465ee728b)  -> (artifact id: 'dcd0b590af43c9a29bc79c38025f789f') in 0.022939 seconds 
  Import took 0.026462 seconds .

========================================================================
Received Import Request.
  Time since last request: 0.000271 seconds.
  path: Assets/Sprites/Oyuncular/Run/2.png
  artifactKey: Guid(694be8b89e656aa49baa9e1b4e0a8bf4) Importer(815301076,1909f56bfc062723c751e8b465ee728b)
Start importing Assets/Sprites/Oyuncular/Run/2.png using Guid(694be8b89e656aa49baa9e1b4e0a8bf4) Importer(815301076,1909f56bfc062723c751e8b465ee728b)  -> (artifact id: 'feb6be3958cfffa69e38646dcd4cb75c') in 0.034653 seconds 
  Import took 0.037596 seconds .

========================================================================
Received Import Request.
  Time since last request: 0.000262 seconds.
  path: Assets/Sprites/Oyuncular/Run/5.png
  artifactKey: Guid(f55f8a2a9fc44ca4d96bcd62c33f0c3f) Importer(815301076,1909f56bfc062723c751e8b465ee728b)
Start importing Assets/Sprites/Oyuncular/Run/5.png using Guid(f55f8a2a9fc44ca4d96bcd62c33f0c3f) Importer(815301076,1909f56bfc062723c751e8b465ee728b)  -> (artifact id: '385ea5d9a4027458fe96bddf9e6e3f0e') in 0.025322 seconds 
  Import took 0.028296 seconds .

========================================================================
Received Import Request.
  Time since last request: 0.000310 seconds.
  path: Assets/Sprites/Oyuncular/Run/3.png
  artifactKey: Guid(1b6859a8e2b1ed34b90c2cd7fc48572c) Importer(815301076,1909f56bfc062723c751e8b465ee728b)
Start importing Assets/Sprites/Oyuncular/Run/3.png using Guid(1b6859a8e2b1ed34b90c2cd7fc48572c) Importer(815301076,1909f56bfc062723c751e8b465ee728b)  -> (artifact id: '057d8f8bacf5ce78afdbedb193f96614') in 0.018841 seconds 
  Import took 0.021956 seconds .

========================================================================
Received Import Request.
  Time since last request: 0.000270 seconds.
  path: Assets/Sprites/Oyuncular/Run/7.png
  artifactKey: Guid(01403634131f1954c9ab25175cc6c804) Importer(815301076,1909f56bfc062723c751e8b465ee728b)
Start importing Assets/Sprites/Oyuncular/Run/7.png using Guid(01403634131f1954c9ab25175cc6c804) Importer(815301076,1909f56bfc062723c751e8b465ee728b)  -> (artifact id: '551d7f4df15d3da6e870bc10f30ae3ce') in 0.017601 seconds 
  Import took 0.022172 seconds .

========================================================================
Received Import Request.
  Time since last request: 0.000275 seconds.
  path: Assets/Sprites/Oyuncular/Run/8.png
  artifactKey: Guid(ee525d3ef72ce7845bc4601d373c4726) Importer(815301076,1909f56bfc062723c751e8b465ee728b)
Start importing Assets/Sprites/Oyuncular/Run/8.png using Guid(ee525d3ef72ce7845bc4601d373c4726) Importer(815301076,1909f56bfc062723c751e8b465ee728b)  -> (artifact id: '766a3911ee6a04e741fea802ff198ce7') in 0.017750 seconds 
  Import took 0.021541 seconds .

========================================================================
Received Import Request.
  Time since last request: 0.000237 seconds.
  path: Assets/Sprites/Oyuncular/Run/4.png
  artifactKey: Guid(640337bd1f4212447aef689926a94a5b) Importer(815301076,1909f56bfc062723c751e8b465ee728b)
Start importing Assets/Sprites/Oyuncular/Run/4.png using Guid(640337bd1f4212447aef689926a94a5b) Importer(815301076,1909f56bfc062723c751e8b465ee728b)  -> (artifact id: '5ecab2315a93ee90b8cb65ed0636c99f') in 0.017973 seconds 
  Import took 0.021428 seconds .

========================================================================
Received Import Request.
  Time since last request: 0.000171 seconds.
  path: Assets/Sprites/Oyuncular/Run/9.png
  artifactKey: Guid(dfbe1254bd28f314ebb8ee93abf00379) Importer(815301076,1909f56bfc062723c751e8b465ee728b)
Start importing Assets/Sprites/Oyuncular/Run/9.png using Guid(dfbe1254bd28f314ebb8ee93abf00379) Importer(815301076,1909f56bfc062723c751e8b465ee728b)  -> (artifact id: '73e390c77fdc76cc7ce88834b1d1048c') in 0.018465 seconds 
  Import took 0.022541 seconds .

========================================================================
Received Import Request.
  Time since last request: 0.000164 seconds.
  path: Assets/Sprites/Oyuncular/Run/6.png
  artifactKey: Guid(050f07b2b8c0cb04792a34aa810dbc17) Importer(815301076,1909f56bfc062723c751e8b465ee728b)
Start importing Assets/Sprites/Oyuncular/Run/6.png using Guid(050f07b2b8c0cb04792a34aa810dbc17) Importer(815301076,1909f56bfc062723c751e8b465ee728b)  -> (artifact id: '3edef0d834d21c4cb339df610a50677c') in 0.017667 seconds 
  Import took 0.021058 seconds .

========================================================================
Received Import Request.
  Time since last request: 0.000174 seconds.
  path: Assets/Sprites/Oyuncular/Run/1.png
  artifactKey: Guid(dac75db391f6dfd43805c867ecaa50b7) Importer(815301076,1909f56bfc062723c751e8b465ee728b)
Start importing Assets/Sprites/Oyuncular/Run/1.png using Guid(dac75db391f6dfd43805c867ecaa50b7) Importer(815301076,1909f56bfc062723c751e8b465ee728b)  -> (artifact id: '11aa245d6598512a1ed0bc6867454c58') in 0.016701 seconds 
  Import took 0.020628 seconds .

========================================================================
Received Import Request.
  Time since last request: 0.000190 seconds.
  path: Assets/Sprites/Oyuncular/Run/6.png
  artifactKey: Guid(050f07b2b8c0cb04792a34aa810dbc17) Importer(815301076,1909f56bfc062723c751e8b465ee728b)
Start importing Assets/Sprites/Oyuncular/Run/6.png using Guid(050f07b2b8c0cb04792a34aa810dbc17) Importer(815301076,1909f56bfc062723c751e8b465ee728b)  -> (artifact id: '3edef0d834d21c4cb339df610a50677c') in 0.019272 seconds 
  Import took 0.024161 seconds .

========================================================================
Received Import Request.
  Time since last request: 0.000174 seconds.
  path: Assets/Sprites/Oyuncular/Run/1.png
  artifactKey: Guid(dac75db391f6dfd43805c867ecaa50b7) Importer(815301076,1909f56bfc062723c751e8b465ee728b)
Start importing Assets/Sprites/Oyuncular/Run/1.png using Guid(dac75db391f6dfd43805c867ecaa50b7) Importer(815301076,1909f56bfc062723c751e8b465ee728b)  -> (artifact id: '11aa245d6598512a1ed0bc6867454c58') in 0.014555 seconds 
  Import took 0.018432 seconds .

========================================================================
Received Prepare
Registering precompiled user dll's ...
Registered in 0.004150 seconds.
Begin MonoManager ReloadAssembly
Native extension for WindowsStandalone target not found
Native extension for WebGL target not found
Refreshing native plugins compatible for Editor in 0.52 ms, found 3 plugins.
Preloading 0 native plugins for Editor in 0.00 ms.
Mono: successfully reloaded assembly
- Completed reload, in  1.119 seconds
Domain Reload Profiling:
	ReloadAssembly (1120ms)
		BeginReloadAssembly (122ms)
			ExecutionOrderSort (0ms)
			DisableScriptedObjects (7ms)
			BackupInstance (0ms)
			ReleaseScriptingObjects (0ms)
			CreateAndSetChildDomain (37ms)
		EndReloadAssembly (932ms)
			LoadAssemblies (100ms)
			RebuildTransferFunctionScriptingTraits (0ms)
			SetupTypeCache (306ms)
			ReleaseScriptCaches (1ms)
			RebuildScriptCaches (59ms)
			SetupLoadedEditorAssemblies (350ms)
				LogAssemblyErrors (0ms)
				InitializePlatformSupportModulesInManaged (7ms)
				SetLoadedEditorAssemblies (0ms)
				RefreshPlugins (1ms)
				BeforeProcessingInitializeOnLoad (95ms)
				ProcessInitializeOnLoadAttributes (235ms)
				ProcessInitializeOnLoadMethodAttributes (5ms)
				AfterProcessingInitializeOnLoad (7ms)
				EditorAssembliesLoaded (0ms)
			ExecutionOrderSort2 (0ms)
			AwakeInstancesAfterBackupRestoration (11ms)
Platform modules already initialized, skipping
Refreshing native plugins compatible for Editor in 0.49 ms, found 3 plugins.
Preloading 0 native plugins for Editor in 0.00 ms.
Unloading 2080 Unused Serialized files (Serialized files now loaded: 0)
System memory in use before: 95.6 MB.
System memory in use after: 95.7 MB.

Unloading 14 unused Assets to reduce memory usage. Loaded Objects now: 2544.
Total: 3.870000 ms (FindLiveObjects: 0.190900 ms CreateObjectMapping: 0.076400 ms MarkObjects: 3.566300 ms  DeleteObjects: 0.035200 ms)

AssetImportParameters requested are different than current active one (requested -> active):
  custom:framework-win-MediaFoundation: 216162199b28c13a410421893ffa2e32 -> 
  custom:video-decoder-ogg-theora: a1e56fd34408186e4bbccfd4996cb3dc -> 
  custom:container-muxer-webm: aa71ff27fc2769a1b78a27578f13a17b -> 
  custom:container-demuxer-webm: 4f35f7cbe854078d1ac9338744f61a02 -> 
  custom:container-demuxer-ogg: 62fdf1f143b41e24485cea50d1cbac27 -> 
  custom:video-encoder-webm-vp8: eb34c28f22e8b96e1ab97ce403110664 -> 
  custom:video-decoder-webm-vp8: 9c59270c3fd7afecdb556c50c9e8de78 -> 
  custom:audio-decoder-ogg-vorbis: bf7c407c2cedff20999df2af8eb42d56 -> 
  custom:audio-encoder-webm-vorbis: bf7c407c2cedff20999df2af8eb42d56 -> 
========================================================================
Received Prepare
Registering precompiled user dll's ...
Registered in 0.003069 seconds.
Begin MonoManager ReloadAssembly
Native extension for WindowsStandalone target not found
Native extension for WebGL target not found
Refreshing native plugins compatible for Editor in 1.03 ms, found 3 plugins.
Preloading 0 native plugins for Editor in 0.00 ms.
Mono: successfully reloaded assembly
- Completed reload, in  1.309 seconds
Domain Reload Profiling:
	ReloadAssembly (1310ms)
		BeginReloadAssembly (123ms)
			ExecutionOrderSort (0ms)
			DisableScriptedObjects (6ms)
			BackupInstance (0ms)
			ReleaseScriptingObjects (0ms)
			CreateAndSetChildDomain (40ms)
		EndReloadAssembly (1117ms)
			LoadAssemblies (105ms)
			RebuildTransferFunctionScriptingTraits (0ms)
			SetupTypeCache (361ms)
			ReleaseScriptCaches (1ms)
			RebuildScriptCaches (54ms)
			SetupLoadedEditorAssemblies (404ms)
				LogAssemblyErrors (0ms)
				InitializePlatformSupportModulesInManaged (9ms)
				SetLoadedEditorAssemblies (1ms)
				RefreshPlugins (1ms)
				BeforeProcessingInitializeOnLoad (135ms)
				ProcessInitializeOnLoadAttributes (244ms)
				ProcessInitializeOnLoadMethodAttributes (5ms)
				AfterProcessingInitializeOnLoad (8ms)
				EditorAssembliesLoaded (0ms)
			ExecutionOrderSort2 (0ms)
			AwakeInstancesAfterBackupRestoration (11ms)
Platform modules already initialized, skipping
Refreshing native plugins compatible for Editor in 0.46 ms, found 3 plugins.
Preloading 0 native plugins for Editor in 0.00 ms.
Unloading 2080 Unused Serialized files (Serialized files now loaded: 0)
System memory in use before: 95.6 MB.
System memory in use after: 95.8 MB.

Unloading 14 unused Assets to reduce memory usage. Loaded Objects now: 2547.
Total: 2.863500 ms (FindLiveObjects: 0.194800 ms CreateObjectMapping: 0.080800 ms MarkObjects: 2.569200 ms  DeleteObjects: 0.017400 ms)

AssetImportParameters requested are different than current active one (requested -> active):
  custom:framework-win-MediaFoundation: 216162199b28c13a410421893ffa2e32 -> 
  custom:video-decoder-ogg-theora: a1e56fd34408186e4bbccfd4996cb3dc -> 
  custom:container-muxer-webm: aa71ff27fc2769a1b78a27578f13a17b -> 
  custom:container-demuxer-webm: 4f35f7cbe854078d1ac9338744f61a02 -> 
  custom:container-demuxer-ogg: 62fdf1f143b41e24485cea50d1cbac27 -> 
  custom:video-encoder-webm-vp8: eb34c28f22e8b96e1ab97ce403110664 -> 
  custom:video-decoder-webm-vp8: 9c59270c3fd7afecdb556c50c9e8de78 -> 
  custom:audio-decoder-ogg-vorbis: bf7c407c2cedff20999df2af8eb42d56 -> 
  custom:audio-encoder-webm-vorbis: bf7c407c2cedff20999df2af8eb42d56 -> 
========================================================================
Received Prepare
Registering precompiled user dll's ...
Registered in 0.004191 seconds.
Begin MonoManager ReloadAssembly
Native extension for WindowsStandalone target not found
Native extension for WebGL target not found
Refreshing native plugins compatible for Editor in 0.47 ms, found 3 plugins.
Preloading 0 native plugins for Editor in 0.00 ms.
Mono: successfully reloaded assembly
- Completed reload, in  1.190 seconds
Domain Reload Profiling:
	ReloadAssembly (1190ms)
		BeginReloadAssembly (132ms)
			ExecutionOrderSort (0ms)
			DisableScriptedObjects (7ms)
			BackupInstance (0ms)
			ReleaseScriptingObjects (0ms)
			CreateAndSetChildDomain (37ms)
		EndReloadAssembly (989ms)
			LoadAssemblies (106ms)
			RebuildTransferFunctionScriptingTraits (0ms)
			SetupTypeCache (325ms)
			ReleaseScriptCaches (1ms)
			RebuildScriptCaches (77ms)
			SetupLoadedEditorAssemblies (363ms)
				LogAssemblyErrors (0ms)
				InitializePlatformSupportModulesInManaged (7ms)
				SetLoadedEditorAssemblies (2ms)
				RefreshPlugins (1ms)
				BeforeProcessingInitializeOnLoad (95ms)
				ProcessInitializeOnLoadAttributes (246ms)
				ProcessInitializeOnLoadMethodAttributes (5ms)
				AfterProcessingInitializeOnLoad (7ms)
				EditorAssembliesLoaded (0ms)
			ExecutionOrderSort2 (0ms)
			AwakeInstancesAfterBackupRestoration (12ms)
Platform modules already initialized, skipping
Refreshing native plugins compatible for Editor in 0.44 ms, found 3 plugins.
Preloading 0 native plugins for Editor in 0.00 ms.
Unloading 2080 Unused Serialized files (Serialized files now loaded: 0)
System memory in use before: 95.6 MB.
System memory in use after: 95.8 MB.

Unloading 14 unused Assets to reduce memory usage. Loaded Objects now: 2550.
Total: 3.357300 ms (FindLiveObjects: 0.181900 ms CreateObjectMapping: 0.077100 ms MarkObjects: 3.066100 ms  DeleteObjects: 0.031300 ms)

AssetImportParameters requested are different than current active one (requested -> active):
  custom:framework-win-MediaFoundation: 216162199b28c13a410421893ffa2e32 -> 
  custom:video-decoder-ogg-theora: a1e56fd34408186e4bbccfd4996cb3dc -> 
  custom:container-muxer-webm: aa71ff27fc2769a1b78a27578f13a17b -> 
  custom:container-demuxer-webm: 4f35f7cbe854078d1ac9338744f61a02 -> 
  custom:container-demuxer-ogg: 62fdf1f143b41e24485cea50d1cbac27 -> 
  custom:video-encoder-webm-vp8: eb34c28f22e8b96e1ab97ce403110664 -> 
  custom:video-decoder-webm-vp8: 9c59270c3fd7afecdb556c50c9e8de78 -> 
  custom:audio-decoder-ogg-vorbis: bf7c407c2cedff20999df2af8eb42d56 -> 
  custom:audio-encoder-webm-vorbis: bf7c407c2cedff20999df2af8eb42d56 -> 
========================================================================
Received Prepare
Registering precompiled user dll's ...
Registered in 0.004766 seconds.
Begin MonoManager ReloadAssembly
Native extension for WindowsStandalone target not found
Native extension for WebGL target not found
Refreshing native plugins compatible for Editor in 0.58 ms, found 3 plugins.
Preloading 0 native plugins for Editor in 0.00 ms.
Mono: successfully reloaded assembly
- Completed reload, in  1.825 seconds
Domain Reload Profiling:
	ReloadAssembly (1825ms)
		BeginReloadAssembly (212ms)
			ExecutionOrderSort (0ms)
			DisableScriptedObjects (10ms)
			BackupInstance (0ms)
			ReleaseScriptingObjects (0ms)
			CreateAndSetChildDomain (54ms)
		EndReloadAssembly (1405ms)
			LoadAssemblies (260ms)
			RebuildTransferFunctionScriptingTraits (0ms)
			SetupTypeCache (453ms)
			ReleaseScriptCaches (1ms)
			RebuildScriptCaches (72ms)
			SetupLoadedEditorAssemblies (498ms)
				LogAssemblyErrors (0ms)
				InitializePlatformSupportModulesInManaged (8ms)
				SetLoadedEditorAssemblies (2ms)
				RefreshPlugins (1ms)
				BeforeProcessingInitializeOnLoad (128ms)
				ProcessInitializeOnLoadAttributes (340ms)
				ProcessInitializeOnLoadMethodAttributes (8ms)
				AfterProcessingInitializeOnLoad (11ms)
				EditorAssembliesLoaded (0ms)
			ExecutionOrderSort2 (0ms)
			AwakeInstancesAfterBackupRestoration (17ms)
Platform modules already initialized, skipping
Refreshing native plugins compatible for Editor in 0.47 ms, found 3 plugins.
Preloading 0 native plugins for Editor in 0.00 ms.
Unloading 2080 Unused Serialized files (Serialized files now loaded: 0)
System memory in use before: 95.7 MB.
System memory in use after: 95.8 MB.

Unloading 14 unused Assets to reduce memory usage. Loaded Objects now: 2553.
Total: 3.919600 ms (FindLiveObjects: 0.201300 ms CreateObjectMapping: 0.147500 ms MarkObjects: 3.548400 ms  DeleteObjects: 0.020600 ms)

AssetImportParameters requested are different than current active one (requested -> active):
  custom:framework-win-MediaFoundation: 216162199b28c13a410421893ffa2e32 -> 
  custom:video-decoder-ogg-theora: a1e56fd34408186e4bbccfd4996cb3dc -> 
  custom:container-muxer-webm: aa71ff27fc2769a1b78a27578f13a17b -> 
  custom:container-demuxer-webm: 4f35f7cbe854078d1ac9338744f61a02 -> 
  custom:container-demuxer-ogg: 62fdf1f143b41e24485cea50d1cbac27 -> 
  custom:video-encoder-webm-vp8: eb34c28f22e8b96e1ab97ce403110664 -> 
  custom:video-decoder-webm-vp8: 9c59270c3fd7afecdb556c50c9e8de78 -> 
  custom:audio-decoder-ogg-vorbis: bf7c407c2cedff20999df2af8eb42d56 -> 
  custom:audio-encoder-webm-vorbis: bf7c407c2cedff20999df2af8eb42d56 -> 
========================================================================
Received Prepare
Registering precompiled user dll's ...
Registered in 0.003165 seconds.
Begin MonoManager ReloadAssembly
Native extension for WindowsStandalone target not found
Native extension for WebGL target not found
Refreshing native plugins compatible for Editor in 0.47 ms, found 3 plugins.
Preloading 0 native plugins for Editor in 0.00 ms.
Mono: successfully reloaded assembly
- Completed reload, in  1.242 seconds
Domain Reload Profiling:
	ReloadAssembly (1243ms)
		BeginReloadAssembly (117ms)
			ExecutionOrderSort (0ms)
			DisableScriptedObjects (7ms)
			BackupInstance (0ms)
			ReleaseScriptingObjects (0ms)
			CreateAndSetChildDomain (35ms)
		EndReloadAssembly (1057ms)
			LoadAssemblies (101ms)
			RebuildTransferFunctionScriptingTraits (0ms)
			SetupTypeCache (311ms)
			ReleaseScriptCaches (1ms)
			RebuildScriptCaches (55ms)
			SetupLoadedEditorAssemblies (404ms)
				LogAssemblyErrors (0ms)
				InitializePlatformSupportModulesInManaged (8ms)
				SetLoadedEditorAssemblies (1ms)
				RefreshPlugins (1ms)
				BeforeProcessingInitializeOnLoad (95ms)
				ProcessInitializeOnLoadAttributes (287ms)
				ProcessInitializeOnLoadMethodAttributes (6ms)
				AfterProcessingInitializeOnLoad (7ms)
				EditorAssembliesLoaded (0ms)
			ExecutionOrderSort2 (0ms)
			AwakeInstancesAfterBackupRestoration (11ms)
Platform modules already initialized, skipping
Refreshing native plugins compatible for Editor in 0.76 ms, found 3 plugins.
Preloading 0 native plugins for Editor in 0.00 ms.
Unloading 2080 Unused Serialized files (Serialized files now loaded: 0)
System memory in use before: 95.7 MB.
System memory in use after: 95.8 MB.

Unloading 14 unused Assets to reduce memory usage. Loaded Objects now: 2556.
Total: 3.191100 ms (FindLiveObjects: 0.225200 ms CreateObjectMapping: 0.098200 ms MarkObjects: 2.845300 ms  DeleteObjects: 0.021100 ms)

AssetImportParameters requested are different than current active one (requested -> active):
  custom:framework-win-MediaFoundation: 216162199b28c13a410421893ffa2e32 -> 
  custom:video-decoder-ogg-theora: a1e56fd34408186e4bbccfd4996cb3dc -> 
  custom:container-muxer-webm: aa71ff27fc2769a1b78a27578f13a17b -> 
  custom:container-demuxer-webm: 4f35f7cbe854078d1ac9338744f61a02 -> 
  custom:container-demuxer-ogg: 62fdf1f143b41e24485cea50d1cbac27 -> 
  custom:video-encoder-webm-vp8: eb34c28f22e8b96e1ab97ce403110664 -> 
  custom:video-decoder-webm-vp8: 9c59270c3fd7afecdb556c50c9e8de78 -> 
  custom:audio-decoder-ogg-vorbis: bf7c407c2cedff20999df2af8eb42d56 -> 
  custom:audio-encoder-webm-vorbis: bf7c407c2cedff20999df2af8eb42d56 -> 
========================================================================
Received Prepare
Registering precompiled user dll's ...
Registered in 0.003129 seconds.
Begin MonoManager ReloadAssembly
Native extension for WindowsStandalone target not found
Native extension for WebGL target not found
Refreshing native plugins compatible for Editor in 0.45 ms, found 3 plugins.
Preloading 0 native plugins for Editor in 0.00 ms.
Mono: successfully reloaded assembly
- Completed reload, in  1.237 seconds
Domain Reload Profiling:
	ReloadAssembly (1238ms)
		BeginReloadAssembly (124ms)
			ExecutionOrderSort (0ms)
			DisableScriptedObjects (7ms)
			BackupInstance (0ms)
			ReleaseScriptingObjects (0ms)
			CreateAndSetChildDomain (35ms)
		EndReloadAssembly (1047ms)
			LoadAssemblies (101ms)
			RebuildTransferFunctionScriptingTraits (0ms)
			SetupTypeCache (320ms)
			ReleaseScriptCaches (1ms)
			RebuildScriptCaches (65ms)
			SetupLoadedEditorAssemblies (385ms)
				LogAssemblyErrors (0ms)
				InitializePlatformSupportModulesInManaged (8ms)
				SetLoadedEditorAssemblies (0ms)
				RefreshPlugins (1ms)
				BeforeProcessingInitializeOnLoad (104ms)
				ProcessInitializeOnLoadAttributes (260ms)
				ProcessInitializeOnLoadMethodAttributes (5ms)
				AfterProcessingInitializeOnLoad (7ms)
				EditorAssembliesLoaded (0ms)
			ExecutionOrderSort2 (0ms)
			AwakeInstancesAfterBackupRestoration (11ms)
Platform modules already initialized, skipping
Refreshing native plugins compatible for Editor in 0.46 ms, found 3 plugins.
Preloading 0 native plugins for Editor in 0.00 ms.
Unloading 2080 Unused Serialized files (Serialized files now loaded: 0)
System memory in use before: 95.7 MB.
System memory in use after: 95.8 MB.

Unloading 14 unused Assets to reduce memory usage. Loaded Objects now: 2559.
Total: 3.419700 ms (FindLiveObjects: 0.208700 ms CreateObjectMapping: 0.076200 ms MarkObjects: 3.114400 ms  DeleteObjects: 0.019200 ms)

AssetImportParameters requested are different than current active one (requested -> active):
  custom:framework-win-MediaFoundation: 216162199b28c13a410421893ffa2e32 -> 
  custom:video-decoder-ogg-theora: a1e56fd34408186e4bbccfd4996cb3dc -> 
  custom:container-muxer-webm: aa71ff27fc2769a1b78a27578f13a17b -> 
  custom:container-demuxer-webm: 4f35f7cbe854078d1ac9338744f61a02 -> 
  custom:container-demuxer-ogg: 62fdf1f143b41e24485cea50d1cbac27 -> 
  custom:video-encoder-webm-vp8: eb34c28f22e8b96e1ab97ce403110664 -> 
  custom:video-decoder-webm-vp8: 9c59270c3fd7afecdb556c50c9e8de78 -> 
  custom:audio-decoder-ogg-vorbis: bf7c407c2cedff20999df2af8eb42d56 -> 
  custom:audio-encoder-webm-vorbis: bf7c407c2cedff20999df2af8eb42d56 -> 
========================================================================
Received Prepare
Registering precompiled user dll's ...
Registered in 0.003463 seconds.
Begin MonoManager ReloadAssembly
Native extension for WindowsStandalone target not found
Native extension for WebGL target not found
Refreshing native plugins compatible for Editor in 0.44 ms, found 3 plugins.
Preloading 0 native plugins for Editor in 0.00 ms.
Mono: successfully reloaded assembly
- Completed reload, in  1.155 seconds
Domain Reload Profiling:
	ReloadAssembly (1156ms)
		BeginReloadAssembly (122ms)
			ExecutionOrderSort (0ms)
			DisableScriptedObjects (7ms)
			BackupInstance (0ms)
			ReleaseScriptingObjects (0ms)
			CreateAndSetChildDomain (34ms)
		EndReloadAssembly (963ms)
			LoadAssemblies (105ms)
			RebuildTransferFunctionScriptingTraits (0ms)
			SetupTypeCache (334ms)
			ReleaseScriptCaches (1ms)
			RebuildScriptCaches (63ms)
			SetupLoadedEditorAssemblies (343ms)
				LogAssemblyErrors (0ms)
				InitializePlatformSupportModulesInManaged (7ms)
				SetLoadedEditorAssemblies (0ms)
				RefreshPlugins (0ms)
				BeforeProcessingInitializeOnLoad (89ms)
				ProcessInitializeOnLoadAttributes (233ms)
				ProcessInitializeOnLoadMethodAttributes (7ms)
				AfterProcessingInitializeOnLoad (7ms)
				EditorAssembliesLoaded (0ms)
			ExecutionOrderSort2 (0ms)
			AwakeInstancesAfterBackupRestoration (12ms)
Platform modules already initialized, skipping
Refreshing native plugins compatible for Editor in 0.44 ms, found 3 plugins.
Preloading 0 native plugins for Editor in 0.00 ms.
Unloading 2080 Unused Serialized files (Serialized files now loaded: 0)
System memory in use before: 95.7 MB.
System memory in use after: 95.8 MB.

Unloading 14 unused Assets to reduce memory usage. Loaded Objects now: 2562.
Total: 3.201000 ms (FindLiveObjects: 0.175400 ms CreateObjectMapping: 0.067000 ms MarkObjects: 2.922200 ms  DeleteObjects: 0.035500 ms)

AssetImportParameters requested are different than current active one (requested -> active):
  custom:framework-win-MediaFoundation: 216162199b28c13a410421893ffa2e32 -> 
  custom:video-decoder-ogg-theora: a1e56fd34408186e4bbccfd4996cb3dc -> 
  custom:container-muxer-webm: aa71ff27fc2769a1b78a27578f13a17b -> 
  custom:container-demuxer-webm: 4f35f7cbe854078d1ac9338744f61a02 -> 
  custom:container-demuxer-ogg: 62fdf1f143b41e24485cea50d1cbac27 -> 
  custom:video-encoder-webm-vp8: eb34c28f22e8b96e1ab97ce403110664 -> 
  custom:video-decoder-webm-vp8: 9c59270c3fd7afecdb556c50c9e8de78 -> 
  custom:audio-decoder-ogg-vorbis: bf7c407c2cedff20999df2af8eb42d56 -> 
  custom:audio-encoder-webm-vorbis: bf7c407c2cedff20999df2af8eb42d56 -> 
========================================================================
Received Import Request.
  Time since last request: 668.577216 seconds.
  path: Assets/Scripts
  artifactKey: Guid(84e4a4219aeef4943a33aaf25533c8e5) Importer(815301076,1909f56bfc062723c751e8b465ee728b)
Start importing Assets/Scripts using Guid(84e4a4219aeef4943a33aaf25533c8e5) Importer(815301076,1909f56bfc062723c751e8b465ee728b)  -> (artifact id: '8db992abf6ec6217848fcbb6df5892cc') in 0.011064 seconds 
  Import took 0.014935 seconds .

========================================================================
Received Import Request.
  Time since last request: 0.002545 seconds.
  path: Assets/Scripts
  artifactKey: Guid(84e4a4219aeef4943a33aaf25533c8e5) Importer(815301076,1909f56bfc062723c751e8b465ee728b)
Start importing Assets/Scripts using Guid(84e4a4219aeef4943a33aaf25533c8e5) Importer(815301076,1909f56bfc062723c751e8b465ee728b)  -> (artifact id: '8db992abf6ec6217848fcbb6df5892cc') in 0.002424 seconds 
  Import took 0.006930 seconds .

========================================================================
Received Prepare
Registering precompiled user dll's ...
Registered in 0.003573 seconds.
Begin MonoManager ReloadAssembly
Native extension for WindowsStandalone target not found
Native extension for WebGL target not found
Refreshing native plugins compatible for Editor in 0.43 ms, found 3 plugins.
Preloading 0 native plugins for Editor in 0.00 ms.
Mono: successfully reloaded assembly
- Completed reload, in  1.153 seconds
Domain Reload Profiling:
	ReloadAssembly (1154ms)
		BeginReloadAssembly (154ms)
			ExecutionOrderSort (0ms)
			DisableScriptedObjects (7ms)
			BackupInstance (0ms)
			ReleaseScriptingObjects (0ms)
			CreateAndSetChildDomain (35ms)
		EndReloadAssembly (928ms)
			LoadAssemblies (136ms)
			RebuildTransferFunctionScriptingTraits (0ms)
			SetupTypeCache (313ms)
			ReleaseScriptCaches (1ms)
			RebuildScriptCaches (47ms)
			SetupLoadedEditorAssemblies (350ms)
				LogAssemblyErrors (0ms)
				InitializePlatformSupportModulesInManaged (6ms)
				SetLoadedEditorAssemblies (0ms)
				RefreshPlugins (0ms)
				BeforeProcessingInitializeOnLoad (94ms)
				ProcessInitializeOnLoadAttributes (235ms)
				ProcessInitializeOnLoadMethodAttributes (6ms)
				AfterProcessingInitializeOnLoad (8ms)
				EditorAssembliesLoaded (0ms)
			ExecutionOrderSort2 (0ms)
			AwakeInstancesAfterBackupRestoration (13ms)
Platform modules already initialized, skipping
Refreshing native plugins compatible for Editor in 0.57 ms, found 3 plugins.
Preloading 0 native plugins for Editor in 0.00 ms.
Unloading 2081 Unused Serialized files (Serialized files now loaded: 0)
System memory in use before: 95.7 MB.
System memory in use after: 95.8 MB.

Unloading 14 unused Assets to reduce memory usage. Loaded Objects now: 2566.
Total: 3.630000 ms (FindLiveObjects: 0.204700 ms CreateObjectMapping: 0.081700 ms MarkObjects: 3.308700 ms  DeleteObjects: 0.033900 ms)

AssetImportParameters requested are different than current active one (requested -> active):
  custom:framework-win-MediaFoundation: 216162199b28c13a410421893ffa2e32 -> 
  custom:video-decoder-ogg-theora: a1e56fd34408186e4bbccfd4996cb3dc -> 
  custom:container-muxer-webm: aa71ff27fc2769a1b78a27578f13a17b -> 
  custom:container-demuxer-webm: 4f35f7cbe854078d1ac9338744f61a02 -> 
  custom:container-demuxer-ogg: 62fdf1f143b41e24485cea50d1cbac27 -> 
  custom:video-encoder-webm-vp8: eb34c28f22e8b96e1ab97ce403110664 -> 
  custom:video-decoder-webm-vp8: 9c59270c3fd7afecdb556c50c9e8de78 -> 
  custom:audio-decoder-ogg-vorbis: bf7c407c2cedff20999df2af8eb42d56 -> 
  custom:audio-encoder-webm-vorbis: bf7c407c2cedff20999df2af8eb42d56 -> 
========================================================================
Received Prepare
Registering precompiled user dll's ...
Registered in 0.003132 seconds.
Begin MonoManager ReloadAssembly
Native extension for WindowsStandalone target not found
Native extension for WebGL target not found
Refreshing native plugins compatible for Editor in 0.44 ms, found 3 plugins.
Preloading 0 native plugins for Editor in 0.00 ms.
Mono: successfully reloaded assembly
- Completed reload, in  1.122 seconds
Domain Reload Profiling:
	ReloadAssembly (1123ms)
		BeginReloadAssembly (125ms)
			ExecutionOrderSort (0ms)
			DisableScriptedObjects (8ms)
			BackupInstance (0ms)
			ReleaseScriptingObjects (0ms)
			CreateAndSetChildDomain (35ms)
		EndReloadAssembly (929ms)
			LoadAssemblies (104ms)
			RebuildTransferFunctionScriptingTraits (0ms)
			SetupTypeCache (342ms)
			ReleaseScriptCaches (1ms)
			RebuildScriptCaches (47ms)
			SetupLoadedEditorAssemblies (328ms)
				LogAssemblyErrors (0ms)
				InitializePlatformSupportModulesInManaged (8ms)
				SetLoadedEditorAssemblies (0ms)
				RefreshPlugins (1ms)
				BeforeProcessingInitializeOnLoad (94ms)
				ProcessInitializeOnLoadAttributes (212ms)
				ProcessInitializeOnLoadMethodAttributes (6ms)
				AfterProcessingInitializeOnLoad (7ms)
				EditorAssembliesLoaded (0ms)
			ExecutionOrderSort2 (0ms)
			AwakeInstancesAfterBackupRestoration (11ms)
Platform modules already initialized, skipping
Refreshing native plugins compatible for Editor in 0.46 ms, found 3 plugins.
Preloading 0 native plugins for Editor in 0.00 ms.
Unloading 2081 Unused Serialized files (Serialized files now loaded: 0)
System memory in use before: 95.7 MB.
System memory in use after: 95.9 MB.

Unloading 14 unused Assets to reduce memory usage. Loaded Objects now: 2569.
Total: 3.575400 ms (FindLiveObjects: 0.194900 ms CreateObjectMapping: 0.076100 ms MarkObjects: 3.254200 ms  DeleteObjects: 0.049100 ms)

AssetImportParameters requested are different than current active one (requested -> active):
  custom:framework-win-MediaFoundation: 216162199b28c13a410421893ffa2e32 -> 
  custom:video-decoder-ogg-theora: a1e56fd34408186e4bbccfd4996cb3dc -> 
  custom:container-muxer-webm: aa71ff27fc2769a1b78a27578f13a17b -> 
  custom:container-demuxer-webm: 4f35f7cbe854078d1ac9338744f61a02 -> 
  custom:container-demuxer-ogg: 62fdf1f143b41e24485cea50d1cbac27 -> 
  custom:video-encoder-webm-vp8: eb34c28f22e8b96e1ab97ce403110664 -> 
  custom:video-decoder-webm-vp8: 9c59270c3fd7afecdb556c50c9e8de78 -> 
  custom:audio-decoder-ogg-vorbis: bf7c407c2cedff20999df2af8eb42d56 -> 
  custom:audio-encoder-webm-vorbis: bf7c407c2cedff20999df2af8eb42d56 -> 
========================================================================
Received Import Request.
  Time since last request: 28.362109 seconds.
  path: Assets/Scripts/playerController.cs
  artifactKey: Guid(0b5e4d2ad1af81f428d85291f5cdda66) Importer(815301076,1909f56bfc062723c751e8b465ee728b)
Start importing Assets/Scripts/playerController.cs using Guid(0b5e4d2ad1af81f428d85291f5cdda66) Importer(815301076,1909f56bfc062723c751e8b465ee728b)  -> (artifact id: '99e6132180f5dc0b60702c047941305c') in 0.014508 seconds 
  Import took 0.018247 seconds .

AssetImportWorkerClient::OnTransportError - code=2 error=End of file
